<?xml version="1.0" encoding="UTF-8"?>
<!-- Generated by org.testng.reporters.JUnitXMLReporter -->
<testsuite ignored="0" hostname="Ayushman" failures="0" tests="3" name="Default test" time="13.109" errors="0" timestamp="2024-01-08T12:45:37 IST">
  <testcase classname="AyushmanDhar.SeleniumFramework.OrderPlaceTest" name="submitOrder" time="2.957"/>
  <testcase classname="AyushmanDhar.SeleniumFramework.OrderPlaceTest" name="submitOrder" time="2.973"/>
  <testcase classname="AyushmanDhar.SeleniumFramework.OrderPlaceTest" name="ordersTest" time="0.448"/>
</testsuite> <!-- Default test -->
