<?xml version="1.0" encoding="UTF-8"?>
<!-- Generated by org.testng.reporters.JUnitXMLReporter -->
<testsuite ignored="0" hostname="Ayushman" failures="0" tests="3" name="Default test" time="12.248" errors="0" timestamp="2024-01-12T13:27:07 IST">
  <testcase classname="AyushmanDhar.SeleniumFramework.ErrorScenarioTest" name="errorLogin" time="0.761"/>
  <testcase classname="AyushmanDhar.SeleniumFramework.ErrorScenarioTest" name="errorLogin" time="0.802"/>
  <testcase classname="AyushmanDhar.SeleniumFramework.ErrorScenarioTest" name="wrongCartItem" time="2.142"/>
</testsuite> <!-- Default test -->
