<?xml version="1.0" encoding="UTF-8"?>
<!-- Generated by org.testng.reporters.JUnitXMLReporter -->
<testsuite ignored="1" hostname="Ayushman" failures="0" tests="2" name="TestOrders" time="11.057" errors="0" timestamp="2024-01-20T21:21:12 IST">
  <testcase classname="AyushmanDhar.SeleniumFramework.OrderPlaceTest" name="submitOrder" time="2.954"/>
  <testcase classname="AyushmanDhar.SeleniumFramework.OrderPlaceTest" name="submitOrder" time="2.952"/>
  <testcase classname="AyushmanDhar.SeleniumFramework.OrderPlaceTest" name="ordersTest" time="0.0">
    <ignored/>
  </testcase> <!-- ordersTest -->
</testsuite> <!-- TestOrders -->
