<?xml version="1.0" encoding="UTF-8"?>
<!-- Generated by org.testng.reporters.JUnitXMLReporter -->
<testsuite ignored="0" hostname="Ayushman" failures="0" tests="2" name="TestErrorScenario" time="6.557" errors="0" timestamp="2024-01-08T11:29:25 IST">
  <testcase classname="AyushmanDhar.SeleniumFramework.ErrorScenarioTest" name="errorLogin" time="0.241"/>
  <testcase classname="AyushmanDhar.SeleniumFramework.ErrorScenarioTest" name="wrongCartItem" time="2.178"/>
</testsuite> <!-- TestErrorScenario -->
