<?xml version="1.0" encoding="UTF-8"?>
<!-- Generated by org.testng.reporters.JUnitXMLReporter -->
<testsuite ignored="0" hostname="Ayushman" failures="0" tests="3" name="TestErrorScenario" time="11.872" errors="0" timestamp="2024-01-12T13:28:40 IST">
  <testcase classname="AyushmanDhar.SeleniumFramework.ErrorScenarioTest" name="errorLogin" time="0.281"/>
  <testcase classname="AyushmanDhar.SeleniumFramework.ErrorScenarioTest" name="errorLogin" time="0.809"/>
  <testcase classname="AyushmanDhar.SeleniumFramework.ErrorScenarioTest" name="wrongCartItem" time="2.145"/>
</testsuite> <!-- TestErrorScenario -->
