<?xml version="1.0" encoding="UTF-8"?>
<!-- Generated by org.testng.reporters.JUnitXMLReporter -->
<testsuite ignored="0" hostname="Ayushman" failures="0" tests="3" name="TestOrders" time="12.299" errors="0" timestamp="2024-01-08T11:29:19 IST">
  <testcase classname="AyushmanDhar.SeleniumFramework.OrderPlaceTest" name="submitOrder" time="3.021"/>
  <testcase classname="AyushmanDhar.SeleniumFramework.OrderPlaceTest" name="submitOrder" time="2.911"/>
  <testcase classname="AyushmanDhar.SeleniumFramework.OrderPlaceTest" name="ordersTest" time="0.428"/>
</testsuite> <!-- TestOrders -->
