<?xml version="1.0" encoding="UTF-8"?>
<testng-results ignored="3" total="5" passed="2" failed="0" skipped="0">
  <reporter-output>
  </reporter-output>
  <suite started-at="2024-01-10T12:49:04 IST" name="Suite" finished-at="2024-01-10T12:49:18 IST" duration-ms="14234">
    <groups>
      <group name="PurchaseOrder">
        <method signature="OrderPlaceTest.submitOrder(java.util.HashMap)[pri:0, instance:AyushmanDhar.SeleniumFramework.OrderPlaceTest@5a56cdac]" name="submitOrder" class="AyushmanDhar.SeleniumFramework.OrderPlaceTest"/>
      </group> <!-- PurchaseOrder -->
    </groups>
    <test started-at="2024-01-10T12:49:04 IST" name="TestOrders" finished-at="2024-01-10T12:49:18 IST" duration-ms="14207">
      <class name="AyushmanDhar.SeleniumFramework.OrderPlaceTest">
        <test-method is-config="true" signature="launchApplication()[pri:0, instance:AyushmanDhar.SeleniumFramework.OrderPlaceTest@5a56cdac]" started-at="2024-01-10T12:49:04 IST" name="launchApplication" finished-at="2024-01-10T12:49:10 IST" duration-ms="5840" status="PASS">
          <reporter-output>
          </reporter-output>
        </test-method> <!-- launchApplication -->
        <test-method signature="submitOrder(java.util.HashMap)[pri:0, instance:AyushmanDhar.SeleniumFramework.OrderPlaceTest@5a56cdac]" started-at="2024-01-10T12:49:10 IST" name="submitOrder" data-provider="getData" finished-at="2024-01-10T12:49:12 IST" duration-ms="2861" status="PASS">
          <params>
            <param index="0">
              <value>
                <![CDATA[{password=AyushD123, product=ZARA COAT 3, email=soundbolt32@gmail.com}]]>
              </value>
            </param>
          </params>
          <reporter-output>
          </reporter-output>
        </test-method> <!-- submitOrder -->
        <test-method is-config="true" signature="driverQuit()[pri:0, instance:AyushmanDhar.SeleniumFramework.OrderPlaceTest@5a56cdac]" started-at="2024-01-10T12:49:12 IST" name="driverQuit" finished-at="2024-01-10T12:49:12 IST" duration-ms="35" status="PASS">
          <reporter-output>
          </reporter-output>
        </test-method> <!-- driverQuit -->
        <test-method is-config="true" signature="launchApplication()[pri:0, instance:AyushmanDhar.SeleniumFramework.OrderPlaceTest@5a56cdac]" started-at="2024-01-10T12:49:12 IST" name="launchApplication" finished-at="2024-01-10T12:49:15 IST" duration-ms="2573" status="PASS">
          <reporter-output>
          </reporter-output>
        </test-method> <!-- launchApplication -->
        <test-method signature="submitOrder(java.util.HashMap)[pri:0, instance:AyushmanDhar.SeleniumFramework.OrderPlaceTest@5a56cdac]" started-at="2024-01-10T12:49:15 IST" name="submitOrder" data-provider="getData" finished-at="2024-01-10T12:49:18 IST" duration-ms="2834" status="PASS">
          <params>
            <param index="0">
              <value>
                <![CDATA[{password=AyushD123, product=IPHONE 13 PRO, email=dharayushman@gmail.com}]]>
              </value>
            </param>
          </params>
          <reporter-output>
          </reporter-output>
        </test-method> <!-- submitOrder -->
        <test-method is-config="true" signature="driverQuit()[pri:0, instance:AyushmanDhar.SeleniumFramework.OrderPlaceTest@5a56cdac]" started-at="2024-01-10T12:49:18 IST" name="driverQuit" finished-at="2024-01-10T12:49:18 IST" duration-ms="38" status="PASS">
          <reporter-output>
          </reporter-output>
        </test-method> <!-- driverQuit -->
      </class> <!-- AyushmanDhar.SeleniumFramework.OrderPlaceTest -->
    </test> <!-- TestOrders -->
    <test started-at="2024-01-10T12:49:18 IST" name="TestErrorScenario" finished-at="2024-01-10T12:49:18 IST" duration-ms="0">
    </test> <!-- TestErrorScenario -->
  </suite> <!-- Suite -->
</testng-results>
