<?xml version="1.0" encoding="UTF-8"?>
<testng-results ignored="0" total="3" passed="3" failed="0" skipped="0">
  <reporter-output>
  </reporter-output>
  <suite started-at="2024-01-08T12:45:24 IST" name="Default suite" finished-at="2024-01-08T12:45:37 IST" duration-ms="13109">
    <groups>
      <group name="PurchaseOrder">
        <method signature="OrderPlaceTest.submitOrder(java.util.HashMap)[pri:0, instance:AyushmanDhar.SeleniumFramework.OrderPlaceTest@d5b810e]" name="submitOrder" class="AyushmanDhar.SeleniumFramework.OrderPlaceTest"/>
      </group> <!-- PurchaseOrder -->
    </groups>
    <test started-at="2024-01-08T12:45:24 IST" name="Default test" finished-at="2024-01-08T12:45:37 IST" duration-ms="13109">
      <class name="AyushmanDhar.SeleniumFramework.OrderPlaceTest">
        <test-method is-config="true" signature="launchApplication()[pri:0, instance:AyushmanDhar.SeleniumFramework.OrderPlaceTest@d5b810e]" started-at="2024-01-08T12:45:24 IST" name="launchApplication" finished-at="2024-01-08T12:45:28 IST" duration-ms="3386" status="PASS">
          <reporter-output>
          </reporter-output>
        </test-method> <!-- launchApplication -->
        <test-method signature="submitOrder(java.util.HashMap)[pri:0, instance:AyushmanDhar.SeleniumFramework.OrderPlaceTest@d5b810e]" started-at="2024-01-08T12:45:28 IST" name="submitOrder" data-provider="getData" finished-at="2024-01-08T12:45:31 IST" duration-ms="2957" status="PASS">
          <params>
            <param index="0">
              <value>
                <![CDATA[{password=AyushD123, product=ZARA COAT 3, email=soundbolt32@gmail.com}]]>
              </value>
            </param>
          </params>
          <reporter-output>
          </reporter-output>
        </test-method> <!-- submitOrder -->
        <test-method is-config="true" signature="driverQuit()[pri:0, instance:AyushmanDhar.SeleniumFramework.OrderPlaceTest@d5b810e]" started-at="2024-01-08T12:45:31 IST" name="driverQuit" finished-at="2024-01-08T12:45:31 IST" duration-ms="120" status="PASS">
          <reporter-output>
          </reporter-output>
        </test-method> <!-- driverQuit -->
        <test-method is-config="true" signature="launchApplication()[pri:0, instance:AyushmanDhar.SeleniumFramework.OrderPlaceTest@d5b810e]" started-at="2024-01-08T12:45:31 IST" name="launchApplication" finished-at="2024-01-08T12:45:32 IST" duration-ms="1537" status="PASS">
          <reporter-output>
          </reporter-output>
        </test-method> <!-- launchApplication -->
        <test-method signature="submitOrder(java.util.HashMap)[pri:0, instance:AyushmanDhar.SeleniumFramework.OrderPlaceTest@d5b810e]" started-at="2024-01-08T12:45:32 IST" name="submitOrder" data-provider="getData" finished-at="2024-01-08T12:45:35 IST" duration-ms="2973" status="PASS">
          <params>
            <param index="0">
              <value>
                <![CDATA[{password=AyushD123, product=IPHONE 13 PRO, email=dharayushman@gmail.com}]]>
              </value>
            </param>
          </params>
          <reporter-output>
          </reporter-output>
        </test-method> <!-- submitOrder -->
        <test-method is-config="true" signature="driverQuit()[pri:0, instance:AyushmanDhar.SeleniumFramework.OrderPlaceTest@d5b810e]" started-at="2024-01-08T12:45:35 IST" name="driverQuit" finished-at="2024-01-08T12:45:35 IST" duration-ms="134" status="PASS">
          <reporter-output>
          </reporter-output>
        </test-method> <!-- driverQuit -->
        <test-method is-config="true" signature="launchApplication()[pri:0, instance:AyushmanDhar.SeleniumFramework.OrderPlaceTest@d5b810e]" started-at="2024-01-08T12:45:35 IST" name="launchApplication" finished-at="2024-01-08T12:45:37 IST" duration-ms="1423" status="PASS">
          <reporter-output>
          </reporter-output>
        </test-method> <!-- launchApplication -->
        <test-method signature="ordersTest()[pri:0, instance:AyushmanDhar.SeleniumFramework.OrderPlaceTest@d5b810e]" started-at="2024-01-08T12:45:37 IST" name="ordersTest" finished-at="2024-01-08T12:45:37 IST" depends-on-methods="AyushmanDhar.SeleniumFramework.OrderPlaceTest.submitOrder" duration-ms="448" status="PASS">
          <reporter-output>
          </reporter-output>
        </test-method> <!-- ordersTest -->
        <test-method is-config="true" signature="driverQuit()[pri:0, instance:AyushmanDhar.SeleniumFramework.OrderPlaceTest@d5b810e]" started-at="2024-01-08T12:45:37 IST" name="driverQuit" finished-at="2024-01-08T12:45:37 IST" duration-ms="97" status="PASS">
          <reporter-output>
          </reporter-output>
        </test-method> <!-- driverQuit -->
      </class> <!-- AyushmanDhar.SeleniumFramework.OrderPlaceTest -->
    </test> <!-- Default test -->
  </suite> <!-- Default suite -->
</testng-results>
